<?xml version="1.0" encoding="UTF-8"?>
<!-- Generated by org.testng.reporters.JUnitReportReporter -->
<testsuite hostname="JD" failures="0" tests="2" name="utils.ExcelDataProvider" time="0.017" errors="0" timestamp="2021-01-11T23:17:38 IST" skipped="0">
  <testcase classname="utils.ExcelDataProvider" name="test1" time="0.012"/>
  <system-out/>
  <testcase classname="utils.ExcelDataProvider" name="test1" time="0.005"/>
  <system-out/>
</testsuite> <!-- utils.ExcelDataProvider -->
