<?xml version="1.0" encoding="UTF-8"?>
<!-- Generated by org.testng.reporters.JUnitReportReporter -->
<testsuite hostname="JD" failures="0" tests="1" name="tests.TC02_GoogleSearchPage_UsingTestNGAnnotations" time="23.846" errors="0" timestamp="2021-01-11T14:50:39 IST" skipped="0">
  <testcase classname="tests.TC02_GoogleSearchPage_UsingTestNGAnnotations" name="mainTestValidation" time="23.846"/>
  <system-out/>
</testsuite> <!-- tests.TC02_GoogleSearchPage_UsingTestNGAnnotations -->
